[0422/012039.555:ERROR:process_info.cc(329)] VirtualQueryEx: Access is denied. (0x5)
[0422/012039.555:ERROR:process_info.cc(556)] ReadMemoryInfo failed
[0422/012039.555:ERROR:scoped_process_suspend.cc(40)] NtResumeProcess: An attempt was made to access an exiting process. (0xc000010a)
[0425/032447.613:ERROR:process_reader_win.cc(151)] SuspendThread: Access is denied. (0x5)
[0425/032447.616:ERROR:process_reader_win.cc(151)] SuspendThread: Access is denied. (0x5)
[0425/032447.616:ERROR:process_reader_win.cc(151)] SuspendThread: Access is denied. (0x5)
[0425/032447.616:ERROR:process_reader_win.cc(151)] SuspendThread: Access is denied. (0x5)
[0425/032447.616:ERROR:process_reader_win.cc(151)] SuspendThread: Access is denied. (0x5)
[0425/032447.616:ERROR:process_reader_win.cc(151)] SuspendThread: Access is denied. (0x5)
[0425/032447.616:ERROR:process_reader_win.cc(151)] SuspendThread: Access is denied. (0x5)
[0425/032447.616:ERROR:process_reader_win.cc(151)] SuspendThread: Access is denied. (0x5)
[0425/032447.616:ERROR:process_reader_win.cc(151)] SuspendThread: Access is denied. (0x5)
[0425/032447.616:ERROR:process_reader_win.cc(151)] SuspendThread: Access is denied. (0x5)
[0425/032447.616:ERROR:process_reader_win.cc(151)] SuspendThread: Access is denied. (0x5)
[0425/032447.616:ERROR:process_reader_win.cc(151)] SuspendThread: Access is denied. (0x5)
[0425/032447.616:ERROR:process_reader_win.cc(151)] SuspendThread: Access is denied. (0x5)
[0425/032447.616:ERROR:process_reader_win.cc(151)] SuspendThread: Access is denied. (0x5)
[0425/032447.616:ERROR:process_reader_win.cc(151)] SuspendThread: Access is denied. (0x5)
[0425/032447.616:ERROR:process_reader_win.cc(151)] SuspendThread: Access is denied. (0x5)
[0425/032447.616:ERROR:process_reader_win.cc(151)] SuspendThread: Access is denied. (0x5)
[0425/032447.617:ERROR:process_reader_win.cc(151)] SuspendThread: Access is denied. (0x5)
[0425/032447.617:ERROR:process_reader_win.cc(151)] SuspendThread: Access is denied. (0x5)
[0425/032447.617:ERROR:process_reader_win.cc(151)] SuspendThread: Access is denied. (0x5)
[0425/032447.616:ERROR:process_reader_win.cc(151)] SuspendThread: Access is denied. (0x5)
[0425/032447.617:ERROR:process_reader_win.cc(151)] SuspendThread: Access is denied. (0x5)
[0425/032447.617:ERROR:process_reader_win.cc(151)] SuspendThread: Access is denied. (0x5)
[0425/032447.617:ERROR:process_reader_win.cc(151)] SuspendThread: Access is denied. (0x5)
[0425/032447.617:ERROR:process_reader_win.cc(151)] SuspendThread: Access is denied. (0x5)
[0425/032447.617:ERROR:process_reader_win.cc(151)] SuspendThread: Access is denied. (0x5)
[0425/032447.617:ERROR:process_reader_win.cc(151)] SuspendThread: Access is denied. (0x5)
[0425/032447.617:ERROR:process_reader_win.cc(151)] SuspendThread: Access is denied. (0x5)
[0425/032447.617:ERROR:process_reader_win.cc(151)] SuspendThread: Access is denied. (0x5)
[0425/032447.617:ERROR:process_reader_win.cc(151)] SuspendThread: Access is denied. (0x5)
[0425/032447.617:ERROR:process_reader_win.cc(151)] SuspendThread: Access is denied. (0x5)
[0425/032447.617:ERROR:process_reader_win.cc(151)] SuspendThread: Access is denied. (0x5)
[0425/032447.617:ERROR:process_reader_win.cc(151)] SuspendThread: Access is denied. (0x5)
[0425/032447.617:ERROR:process_reader_win.cc(151)] SuspendThread: Access is denied. (0x5)
[0425/032447.617:ERROR:process_reader_win.cc(151)] SuspendThread: Access is denied. (0x5)
[0425/032447.617:ERROR:process_reader_win.cc(151)] SuspendThread: Access is denied. (0x5)
[0425/032447.617:ERROR:process_reader_win.cc(151)] SuspendThread: Access is denied. (0x5)
[0425/032447.617:ERROR:process_reader_win.cc(151)] SuspendThread: Access is denied. (0x5)
[0425/032447.616:ERROR:process_reader_win.cc(123)] NtOpenThread: {Access Denied} A process has requested access to an object, but has not been granted those access rights. (0xc0000022)
[0425/032447.617:ERROR:process_reader_win.cc(123)] NtOpenThread: {Access Denied} A process has requested access to an object, but has not been granted those access rights. (0xc0000022)
[0425/032447.617:ERROR:process_reader_win.cc(123)] NtOpenThread: {Access Denied} A process has requested access to an object, but has not been granted those access rights. (0xc0000022)
[0425/032447.619:ERROR:exception_snapshot_win.cc(98)] thread ID 7496 not found in process
[0425/032447.619:ERROR:exception_snapshot_win.cc(98)] thread ID 16572 not found in process
[0425/032447.620:ERROR:exception_snapshot_win.cc(98)] thread ID 14208 not found in process
[0425/032447.640:ERROR:process_reader_win.cc(151)] SuspendThread: Access is denied. (0x5)
[0425/032447.641:ERROR:process_reader_win.cc(151)] SuspendThread: Access is denied. (0x5)
[0425/032447.641:ERROR:process_reader_win.cc(151)] SuspendThread: Access is denied. (0x5)
[0425/032447.641:ERROR:process_reader_win.cc(151)] SuspendThread: Access is denied. (0x5)
[0425/032447.641:ERROR:process_reader_win.cc(151)] SuspendThread: Access is denied. (0x5)
[0425/032447.641:ERROR:process_reader_win.cc(151)] SuspendThread: Access is denied. (0x5)
[0425/032447.641:ERROR:process_reader_win.cc(151)] SuspendThread: Access is denied. (0x5)
[0425/032447.641:ERROR:process_reader_win.cc(151)] SuspendThread: Access is denied. (0x5)
[0425/032447.641:ERROR:process_reader_win.cc(151)] SuspendThread: Access is denied. (0x5)
[0425/032447.641:ERROR:process_reader_win.cc(151)] SuspendThread: Access is denied. (0x5)
[0425/032447.641:ERROR:process_reader_win.cc(151)] SuspendThread: Access is denied. (0x5)
[0425/032447.641:ERROR:process_reader_win.cc(151)] SuspendThread: Access is denied. (0x5)
[0425/032447.641:ERROR:process_reader_win.cc(151)] SuspendThread: Access is denied. (0x5)
[0425/032447.641:ERROR:process_reader_win.cc(123)] NtOpenThread: {Access Denied} A process has requested access to an object, but has not been granted those access rights. (0xc0000022)
[0425/032447.641:ERROR:exception_snapshot_win.cc(98)] thread ID 1232 not found in process
[0425/032447.654:ERROR:process_reader_win.cc(151)] SuspendThread: Access is denied. (0x5)
[0425/032447.654:ERROR:process_reader_win.cc(151)] SuspendThread: Access is denied. (0x5)
[0425/032447.654:ERROR:process_reader_win.cc(151)] SuspendThread: Access is denied. (0x5)
[0425/032447.654:ERROR:process_reader_win.cc(151)] SuspendThread: Access is denied. (0x5)
[0425/032447.654:ERROR:process_reader_win.cc(151)] SuspendThread: Access is denied. (0x5)
[0425/032447.654:ERROR:process_reader_win.cc(151)] SuspendThread: Access is denied. (0x5)
[0425/032447.654:ERROR:process_reader_win.cc(151)] SuspendThread: Access is denied. (0x5)
[0425/032447.654:ERROR:process_reader_win.cc(151)] SuspendThread: Access is denied. (0x5)
[0425/032447.654:ERROR:process_reader_win.cc(151)] SuspendThread: Access is denied. (0x5)
[0425/032447.654:ERROR:process_reader_win.cc(151)] SuspendThread: Access is denied. (0x5)
[0425/032447.654:ERROR:process_reader_win.cc(151)] SuspendThread: Access is denied. (0x5)
[0425/032447.654:ERROR:process_reader_win.cc(151)] SuspendThread: Access is denied. (0x5)
[0425/032447.654:ERROR:process_reader_win.cc(151)] SuspendThread: Access is denied. (0x5)
[0425/032447.654:ERROR:process_reader_win.cc(123)] NtOpenThread: {Access Denied} A process has requested access to an object, but has not been granted those access rights. (0xc0000022)
[0425/032447.654:ERROR:exception_snapshot_win.cc(98)] thread ID 13036 not found in process
[0425/032447.657:ERROR:process_reader_win.cc(151)] SuspendThread: Access is denied. (0x5)
[0425/032447.657:ERROR:process_reader_win.cc(151)] SuspendThread: Access is denied. (0x5)
[0425/032447.657:ERROR:process_reader_win.cc(151)] SuspendThread: Access is denied. (0x5)
[0425/032447.657:ERROR:process_reader_win.cc(151)] SuspendThread: Access is denied. (0x5)
[0425/032447.657:ERROR:process_reader_win.cc(151)] SuspendThread: Access is denied. (0x5)
[0425/032447.657:ERROR:process_reader_win.cc(151)] SuspendThread: Access is denied. (0x5)
[0425/032447.657:ERROR:process_reader_win.cc(151)] SuspendThread: Access is denied. (0x5)
[0425/032447.657:ERROR:process_reader_win.cc(151)] SuspendThread: Access is denied. (0x5)
[0425/032447.657:ERROR:process_reader_win.cc(151)] SuspendThread: Access is denied. (0x5)
[0425/032447.657:ERROR:process_reader_win.cc(151)] SuspendThread: Access is denied. (0x5)
[0425/032447.657:ERROR:process_reader_win.cc(151)] SuspendThread: Access is denied. (0x5)
[0425/032447.657:ERROR:process_reader_win.cc(151)] SuspendThread: Access is denied. (0x5)
[0425/032447.657:ERROR:process_reader_win.cc(151)] SuspendThread: Access is denied. (0x5)
[0425/032447.657:ERROR:process_reader_win.cc(123)] NtOpenThread: {Access Denied} A process has requested access to an object, but has not been granted those access rights. (0xc0000022)
[0425/032447.658:ERROR:process_reader_win.cc(151)] SuspendThread: Access is denied. (0x5)
[0425/032447.658:ERROR:process_reader_win.cc(151)] SuspendThread: Access is denied. (0x5)
[0425/032447.658:ERROR:process_reader_win.cc(151)] SuspendThread: Access is denied. (0x5)
[0425/032447.658:ERROR:process_reader_win.cc(151)] SuspendThread: Access is denied. (0x5)
[0425/032447.658:ERROR:process_reader_win.cc(151)] SuspendThread: Access is denied. (0x5)
[0425/032447.658:ERROR:process_reader_win.cc(151)] SuspendThread: Access is denied. (0x5)
[0425/032447.658:ERROR:process_reader_win.cc(151)] SuspendThread: Access is denied. (0x5)
[0425/032447.658:ERROR:process_reader_win.cc(151)] SuspendThread: Access is denied. (0x5)
[0425/032447.658:ERROR:process_reader_win.cc(151)] SuspendThread: Access is denied. (0x5)
[0425/032447.658:ERROR:process_reader_win.cc(151)] SuspendThread: Access is denied. (0x5)
[0425/032447.658:ERROR:process_reader_win.cc(151)] SuspendThread: Access is denied. (0x5)
[0425/032447.658:ERROR:process_reader_win.cc(151)] SuspendThread: Access is denied. (0x5)
[0425/032447.658:ERROR:process_reader_win.cc(151)] SuspendThread: Access is denied. (0x5)
[0425/032447.658:ERROR:process_reader_win.cc(123)] NtOpenThread: {Access Denied} A process has requested access to an object, but has not been granted those access rights. (0xc0000022)
[0425/032447.658:ERROR:exception_snapshot_win.cc(98)] thread ID 6508 not found in process
[0425/032447.659:ERROR:exception_snapshot_win.cc(98)] thread ID 8524 not found in process
[0425/032447.670:ERROR:process_reader_win.cc(151)] SuspendThread: Access is denied. (0x5)
[0425/032447.670:ERROR:process_reader_win.cc(151)] SuspendThread: Access is denied. (0x5)
[0425/032447.670:ERROR:process_reader_win.cc(151)] SuspendThread: Access is denied. (0x5)
[0425/032447.670:ERROR:process_reader_win.cc(151)] SuspendThread: Access is denied. (0x5)
[0425/032447.670:ERROR:process_reader_win.cc(151)] SuspendThread: Access is denied. (0x5)
[0425/032447.670:ERROR:process_reader_win.cc(151)] SuspendThread: Access is denied. (0x5)
[0425/032447.670:ERROR:process_reader_win.cc(151)] SuspendThread: Access is denied. (0x5)
[0425/032447.671:ERROR:process_reader_win.cc(151)] SuspendThread: Access is denied. (0x5)
[0425/032447.671:ERROR:process_reader_win.cc(151)] SuspendThread: Access is denied. (0x5)
[0425/032447.671:ERROR:process_reader_win.cc(151)] SuspendThread: Access is denied. (0x5)
[0425/032447.671:ERROR:process_reader_win.cc(151)] SuspendThread: Access is denied. (0x5)
[0425/032447.671:ERROR:process_reader_win.cc(151)] SuspendThread: Access is denied. (0x5)
[0425/032447.671:ERROR:process_reader_win.cc(151)] SuspendThread: Access is denied. (0x5)
[0425/032447.671:ERROR:process_reader_win.cc(123)] NtOpenThread: {Access Denied} A process has requested access to an object, but has not been granted those access rights. (0xc0000022)
[0425/032447.671:ERROR:exception_snapshot_win.cc(98)] thread ID 9956 not found in process
[0425/032447.682:ERROR:process_reader_win.cc(151)] SuspendThread: Access is denied. (0x5)
[0425/032447.682:ERROR:process_reader_win.cc(151)] SuspendThread: Access is denied. (0x5)
[0425/032447.682:ERROR:process_reader_win.cc(151)] SuspendThread: Access is denied. (0x5)
[0425/032447.682:ERROR:process_reader_win.cc(151)] SuspendThread: Access is denied. (0x5)
[0425/032447.682:ERROR:process_reader_win.cc(151)] SuspendThread: Access is denied. (0x5)
[0425/032447.682:ERROR:process_reader_win.cc(151)] SuspendThread: Access is denied. (0x5)
[0425/032447.682:ERROR:process_reader_win.cc(151)] SuspendThread: Access is denied. (0x5)
[0425/032447.682:ERROR:process_reader_win.cc(151)] SuspendThread: Access is denied. (0x5)
[0425/032447.682:ERROR:process_reader_win.cc(151)] SuspendThread: Access is denied. (0x5)
[0425/032447.682:ERROR:process_reader_win.cc(151)] SuspendThread: Access is denied. (0x5)
[0425/032447.682:ERROR:process_reader_win.cc(151)] SuspendThread: Access is denied. (0x5)
[0425/032447.682:ERROR:process_reader_win.cc(151)] SuspendThread: Access is denied. (0x5)
[0425/032447.682:ERROR:process_reader_win.cc(151)] SuspendThread: Access is denied. (0x5)
[0425/032447.682:ERROR:process_reader_win.cc(151)] SuspendThread: Access is denied. (0x5)
[0425/032447.682:ERROR:process_reader_win.cc(151)] SuspendThread: Access is denied. (0x5)
[0425/032447.682:ERROR:process_reader_win.cc(151)] SuspendThread: Access is denied. (0x5)
[0425/032447.682:ERROR:process_reader_win.cc(151)] SuspendThread: Access is denied. (0x5)
[0425/032447.682:ERROR:process_reader_win.cc(151)] SuspendThread: Access is denied. (0x5)
[0425/032447.682:ERROR:process_reader_win.cc(151)] SuspendThread: Access is denied. (0x5)
[0425/032447.682:ERROR:process_reader_win.cc(151)] SuspendThread: Access is denied. (0x5)
[0425/032447.682:ERROR:process_reader_win.cc(151)] SuspendThread: Access is denied. (0x5)
[0425/032447.682:ERROR:process_reader_win.cc(151)] SuspendThread: Access is denied. (0x5)
[0425/032447.682:ERROR:process_reader_win.cc(151)] SuspendThread: Access is denied. (0x5)
[0425/032447.682:ERROR:process_reader_win.cc(151)] SuspendThread: Access is denied. (0x5)
[0425/032447.682:ERROR:process_reader_win.cc(151)] SuspendThread: Access is denied. (0x5)
[0425/032447.682:ERROR:process_reader_win.cc(123)] NtOpenThread: {Access Denied} A process has requested access to an object, but has not been granted those access rights. (0xc0000022)
[0425/032447.682:ERROR:process_reader_win.cc(151)] SuspendThread: Access is denied. (0x5)
[0425/032447.683:ERROR:process_reader_win.cc(151)] SuspendThread: Access is denied. (0x5)
[0425/032447.683:ERROR:exception_snapshot_win.cc(98)] thread ID 9804 not found in process
[0425/032447.683:ERROR:process_reader_win.cc(123)] NtOpenThread: {Access Denied} A process has requested access to an object, but has not been granted those access rights. (0xc0000022)
[0425/032447.683:ERROR:exception_snapshot_win.cc(98)] thread ID 16248 not found in process
[0425/032447.685:ERROR:process_reader_win.cc(151)] SuspendThread: Access is denied. (0x5)
[0425/032447.685:ERROR:process_reader_win.cc(151)] SuspendThread: Access is denied. (0x5)
[0425/032447.685:ERROR:process_reader_win.cc(151)] SuspendThread: Access is denied. (0x5)
[0425/032447.685:ERROR:process_reader_win.cc(151)] SuspendThread: Access is denied. (0x5)
[0425/032447.685:ERROR:process_reader_win.cc(151)] SuspendThread: Access is denied. (0x5)
[0425/032447.685:ERROR:process_reader_win.cc(151)] SuspendThread: Access is denied. (0x5)
[0425/032447.685:ERROR:process_reader_win.cc(151)] SuspendThread: Access is denied. (0x5)
[0425/032447.685:ERROR:process_reader_win.cc(151)] SuspendThread: Access is denied. (0x5)
[0425/032447.685:ERROR:process_reader_win.cc(151)] SuspendThread: Access is denied. (0x5)
[0425/032447.685:ERROR:process_reader_win.cc(151)] SuspendThread: Access is denied. (0x5)
[0425/032447.685:ERROR:process_reader_win.cc(151)] SuspendThread: Access is denied. (0x5)
[0425/032447.685:ERROR:process_reader_win.cc(151)] SuspendThread: Access is denied. (0x5)
[0425/032447.685:ERROR:process_reader_win.cc(123)] NtOpenThread: {Access Denied} A process has requested access to an object, but has not been granted those access rights. (0xc0000022)
[0425/032447.685:ERROR:exception_snapshot_win.cc(98)] thread ID 7640 not found in process
[0425/032447.688:ERROR:process_reader_win.cc(151)] SuspendThread: Access is denied. (0x5)
[0425/032447.688:ERROR:process_reader_win.cc(151)] SuspendThread: Access is denied. (0x5)
[0425/032447.688:ERROR:process_reader_win.cc(151)] SuspendThread: Access is denied. (0x5)
[0425/032447.688:ERROR:process_reader_win.cc(151)] SuspendThread: Access is denied. (0x5)
[0425/032447.688:ERROR:process_reader_win.cc(151)] SuspendThread: Access is denied. (0x5)
[0425/032447.688:ERROR:process_reader_win.cc(151)] SuspendThread: Access is denied. (0x5)
[0425/032447.688:ERROR:process_reader_win.cc(151)] SuspendThread: Access is denied. (0x5)
[0425/032447.688:ERROR:process_reader_win.cc(151)] SuspendThread: Access is denied. (0x5)
[0425/032447.689:ERROR:process_reader_win.cc(151)] SuspendThread: Access is denied. (0x5)
[0425/032447.689:ERROR:process_reader_win.cc(151)] SuspendThread: Access is denied. (0x5)
[0425/032447.689:ERROR:process_reader_win.cc(151)] SuspendThread: Access is denied. (0x5)
[0425/032447.689:ERROR:process_reader_win.cc(151)] SuspendThread: Access is denied. (0x5)
[0425/032447.689:ERROR:process_reader_win.cc(151)] SuspendThread: Access is denied. (0x5)
[0425/032447.689:ERROR:process_reader_win.cc(123)] NtOpenThread: {Access Denied} A process has requested access to an object, but has not been granted those access rights. (0xc0000022)
[0425/032447.689:ERROR:exception_snapshot_win.cc(98)] thread ID 8228 not found in process
[0425/032447.708:ERROR:process_reader_win.cc(151)] SuspendThread: Access is denied. (0x5)
[0425/032447.708:ERROR:process_reader_win.cc(151)] SuspendThread: Access is denied. (0x5)
[0425/032447.708:ERROR:process_reader_win.cc(151)] SuspendThread: Access is denied. (0x5)
[0425/032447.708:ERROR:process_reader_win.cc(151)] SuspendThread: Access is denied. (0x5)
[0425/032447.708:ERROR:process_reader_win.cc(151)] SuspendThread: Access is denied. (0x5)
[0425/032447.708:ERROR:process_reader_win.cc(151)] SuspendThread: Access is denied. (0x5)
[0425/032447.708:ERROR:process_reader_win.cc(151)] SuspendThread: Access is denied. (0x5)
[0425/032447.708:ERROR:process_reader_win.cc(151)] SuspendThread: Access is denied. (0x5)
[0425/032447.708:ERROR:process_reader_win.cc(151)] SuspendThread: Access is denied. (0x5)
[0425/032447.708:ERROR:process_reader_win.cc(151)] SuspendThread: Access is denied. (0x5)
[0425/032447.708:ERROR:process_reader_win.cc(151)] SuspendThread: Access is denied. (0x5)
[0425/032447.708:ERROR:process_reader_win.cc(151)] SuspendThread: Access is denied. (0x5)
[0425/032447.708:ERROR:process_reader_win.cc(123)] NtOpenThread: {Access Denied} A process has requested access to an object, but has not been granted those access rights. (0xc0000022)
[0425/032447.708:ERROR:exception_snapshot_win.cc(98)] thread ID 7700 not found in process
[0425/032447.708:ERROR:process_reader_win.cc(151)] SuspendThread: Access is denied. (0x5)
[0425/032447.708:ERROR:process_reader_win.cc(151)] SuspendThread: Access is denied. (0x5)
[0425/032447.708:ERROR:process_reader_win.cc(151)] SuspendThread: Access is denied. (0x5)
[0425/032447.708:ERROR:process_reader_win.cc(151)] SuspendThread: Access is denied. (0x5)
[0425/032447.708:ERROR:process_reader_win.cc(151)] SuspendThread: Access is denied. (0x5)
[0425/032447.709:ERROR:process_reader_win.cc(151)] SuspendThread: Access is denied. (0x5)
[0425/032447.709:ERROR:process_reader_win.cc(151)] SuspendThread: Access is denied. (0x5)
[0425/032447.709:ERROR:process_reader_win.cc(151)] SuspendThread: Access is denied. (0x5)
[0425/032447.709:ERROR:process_reader_win.cc(151)] SuspendThread: Access is denied. (0x5)
[0425/032447.709:ERROR:process_reader_win.cc(151)] SuspendThread: Access is denied. (0x5)
[0425/032447.709:ERROR:process_reader_win.cc(151)] SuspendThread: Access is denied. (0x5)
[0425/032447.709:ERROR:process_reader_win.cc(151)] SuspendThread: Access is denied. (0x5)
[0425/032447.709:ERROR:process_reader_win.cc(151)] SuspendThread: Access is denied. (0x5)
[0425/032447.709:ERROR:process_reader_win.cc(123)] NtOpenThread: {Access Denied} A process has requested access to an object, but has not been granted those access rights. (0xc0000022)
[0425/032447.709:ERROR:exception_snapshot_win.cc(98)] thread ID 13420 not found in process
[0425/032447.710:ERROR:process_reader_win.cc(151)] SuspendThread: Access is denied. (0x5)
[0425/032447.710:ERROR:process_reader_win.cc(151)] SuspendThread: Access is denied. (0x5)
[0425/032447.710:ERROR:process_reader_win.cc(151)] SuspendThread: Access is denied. (0x5)
[0425/032447.710:ERROR:process_reader_win.cc(151)] SuspendThread: Access is denied. (0x5)
[0425/032447.710:ERROR:process_reader_win.cc(151)] SuspendThread: Access is denied. (0x5)
[0425/032447.712:ERROR:process_reader_win.cc(151)] SuspendThread: Access is denied. (0x5)
[0425/032447.712:ERROR:process_reader_win.cc(151)] SuspendThread: Access is denied. (0x5)
[0425/032447.712:ERROR:process_reader_win.cc(151)] SuspendThread: Access is denied. (0x5)
[0425/032447.712:ERROR:process_reader_win.cc(151)] SuspendThread: Access is denied. (0x5)
[0425/032447.712:ERROR:process_reader_win.cc(151)] SuspendThread: Access is denied. (0x5)
[0425/032447.712:ERROR:process_reader_win.cc(151)] SuspendThread: Access is denied. (0x5)
[0425/032447.712:ERROR:process_reader_win.cc(151)] SuspendThread: Access is denied. (0x5)
[0425/032447.712:ERROR:process_reader_win.cc(123)] NtOpenThread: {Access Denied} A process has requested access to an object, but has not been granted those access rights. (0xc0000022)
[0425/032447.712:ERROR:exception_snapshot_win.cc(98)] thread ID 4048 not found in process
[0425/032447.713:ERROR:process_reader_win.cc(151)] SuspendThread: Access is denied. (0x5)
[0425/032447.713:ERROR:process_reader_win.cc(151)] SuspendThread: Access is denied. (0x5)
[0425/032447.713:ERROR:process_reader_win.cc(151)] SuspendThread: Access is denied. (0x5)
[0425/032447.713:ERROR:process_reader_win.cc(151)] SuspendThread: Access is denied. (0x5)
[0425/032447.713:ERROR:process_reader_win.cc(151)] SuspendThread: Access is denied. (0x5)
[0425/032447.713:ERROR:process_reader_win.cc(151)] SuspendThread: Access is denied. (0x5)
[0425/032447.713:ERROR:process_reader_win.cc(151)] SuspendThread: Access is denied. (0x5)
[0425/032447.713:ERROR:process_reader_win.cc(151)] SuspendThread: Access is denied. (0x5)
[0425/032447.713:ERROR:process_reader_win.cc(151)] SuspendThread: Access is denied. (0x5)
[0425/032447.713:ERROR:process_reader_win.cc(151)] SuspendThread: Access is denied. (0x5)
[0425/032447.713:ERROR:process_reader_win.cc(151)] SuspendThread: Access is denied. (0x5)
[0425/032447.713:ERROR:process_reader_win.cc(151)] SuspendThread: Access is denied. (0x5)
[0425/032447.713:ERROR:process_reader_win.cc(123)] NtOpenThread: {Access Denied} A process has requested access to an object, but has not been granted those access rights. (0xc0000022)
[0425/032447.713:ERROR:exception_snapshot_win.cc(98)] thread ID 7136 not found in process
[0425/032447.733:ERROR:process_reader_win.cc(151)] SuspendThread: Access is denied. (0x5)
[0425/032447.733:ERROR:process_reader_win.cc(151)] SuspendThread: Access is denied. (0x5)
[0425/032447.733:ERROR:process_reader_win.cc(151)] SuspendThread: Access is denied. (0x5)
[0425/032447.733:ERROR:process_reader_win.cc(151)] SuspendThread: Access is denied. (0x5)
[0425/032447.733:ERROR:process_reader_win.cc(151)] SuspendThread: Access is denied. (0x5)
[0425/032447.733:ERROR:process_reader_win.cc(151)] SuspendThread: Access is denied. (0x5)
[0425/032447.733:ERROR:process_reader_win.cc(151)] SuspendThread: Access is denied. (0x5)
[0425/032447.733:ERROR:process_reader_win.cc(151)] SuspendThread: Access is denied. (0x5)
[0425/032447.733:ERROR:process_reader_win.cc(151)] SuspendThread: Access is denied. (0x5)
[0425/032447.733:ERROR:process_reader_win.cc(151)] SuspendThread: Access is denied. (0x5)
[0425/032447.733:ERROR:process_reader_win.cc(151)] SuspendThread: Access is denied. (0x5)
[0425/032447.734:ERROR:process_reader_win.cc(151)] SuspendThread: Access is denied. (0x5)
[0425/032447.734:ERROR:process_reader_win.cc(123)] NtOpenThread: {Access Denied} A process has requested access to an object, but has not been granted those access rights. (0xc0000022)
[0425/032447.734:ERROR:exception_snapshot_win.cc(98)] thread ID 9608 not found in process
[0425/032447.735:ERROR:process_reader_win.cc(151)] SuspendThread: Access is denied. (0x5)
[0425/032447.735:ERROR:process_reader_win.cc(151)] SuspendThread: Access is denied. (0x5)
[0425/032447.735:ERROR:process_reader_win.cc(151)] SuspendThread: Access is denied. (0x5)
[0425/032447.735:ERROR:process_reader_win.cc(151)] SuspendThread: Access is denied. (0x5)
[0425/032447.735:ERROR:process_reader_win.cc(151)] SuspendThread: Access is denied. (0x5)
[0425/032447.735:ERROR:process_reader_win.cc(151)] SuspendThread: Access is denied. (0x5)
[0425/032447.735:ERROR:process_reader_win.cc(151)] SuspendThread: Access is denied. (0x5)
[0425/032447.735:ERROR:process_reader_win.cc(151)] SuspendThread: Access is denied. (0x5)
[0425/032447.735:ERROR:process_reader_win.cc(151)] SuspendThread: Access is denied. (0x5)
[0425/032447.735:ERROR:process_reader_win.cc(151)] SuspendThread: Access is denied. (0x5)
[0425/032447.735:ERROR:process_reader_win.cc(151)] SuspendThread: Access is denied. (0x5)
[0425/032447.735:ERROR:process_reader_win.cc(151)] SuspendThread: Access is denied. (0x5)
[0425/032447.735:ERROR:process_reader_win.cc(151)] SuspendThread: Access is denied. (0x5)
[0425/032447.735:ERROR:process_reader_win.cc(151)] SuspendThread: Access is denied. (0x5)
[0425/032447.735:ERROR:process_reader_win.cc(151)] SuspendThread: Access is denied. (0x5)
[0425/032447.735:ERROR:process_reader_win.cc(151)] SuspendThread: Access is denied. (0x5)
[0425/032447.735:ERROR:process_reader_win.cc(151)] SuspendThread: Access is denied. (0x5)
[0425/032447.735:ERROR:process_reader_win.cc(151)] SuspendThread: Access is denied. (0x5)
[0425/032447.735:ERROR:process_reader_win.cc(151)] SuspendThread: Access is denied. (0x5)
[0425/032447.735:ERROR:process_reader_win.cc(151)] SuspendThread: Access is denied. (0x5)
[0425/032447.735:ERROR:process_reader_win.cc(151)] SuspendThread: Access is denied. (0x5)
[0425/032447.735:ERROR:process_reader_win.cc(151)] SuspendThread: Access is denied. (0x5)
[0425/032447.735:ERROR:process_reader_win.cc(151)] SuspendThread: Access is denied. (0x5)
[0425/032447.735:ERROR:process_reader_win.cc(151)] SuspendThread: Access is denied. (0x5)
[0425/032447.735:ERROR:process_reader_win.cc(151)] SuspendThread: Access is denied. (0x5)
[0425/032447.735:ERROR:process_reader_win.cc(151)] SuspendThread: Access is denied. (0x5)
[0425/032447.735:ERROR:process_reader_win.cc(123)] NtOpenThread: {Access Denied} A process has requested access to an object, but has not been granted those access rights. (0xc0000022)
[0425/032447.735:ERROR:process_reader_win.cc(123)] NtOpenThread: {Access Denied} A process has requested access to an object, but has not been granted those access rights. (0xc0000022)
[0425/032447.736:ERROR:exception_snapshot_win.cc(98)] thread ID 12516 not found in process
[0425/032447.736:ERROR:exception_snapshot_win.cc(98)] thread ID 5096 not found in process
[0425/032447.738:ERROR:process_reader_win.cc(151)] SuspendThread: Access is denied. (0x5)
[0425/032447.738:ERROR:process_reader_win.cc(151)] SuspendThread: Access is denied. (0x5)
[0425/032447.738:ERROR:process_reader_win.cc(151)] SuspendThread: Access is denied. (0x5)
[0425/032447.738:ERROR:process_reader_win.cc(151)] SuspendThread: Access is denied. (0x5)
[0425/032447.738:ERROR:process_reader_win.cc(151)] SuspendThread: Access is denied. (0x5)
[0425/032447.738:ERROR:process_reader_win.cc(151)] SuspendThread: Access is denied. (0x5)
[0425/032447.738:ERROR:process_reader_win.cc(151)] SuspendThread: Access is denied. (0x5)
[0425/032447.738:ERROR:process_reader_win.cc(151)] SuspendThread: Access is denied. (0x5)
[0425/032447.738:ERROR:process_reader_win.cc(151)] SuspendThread: Access is denied. (0x5)
[0425/032447.738:ERROR:process_reader_win.cc(151)] SuspendThread: Access is denied. (0x5)
[0425/032447.738:ERROR:process_reader_win.cc(151)] SuspendThread: Access is denied. (0x5)
[0425/032447.738:ERROR:process_reader_win.cc(123)] NtOpenThread: {Access Denied} A process has requested access to an object, but has not been granted those access rights. (0xc0000022)
[0425/032447.738:ERROR:exception_snapshot_win.cc(98)] thread ID 15728 not found in process
[0425/032447.758:ERROR:process_reader_win.cc(151)] SuspendThread: Access is denied. (0x5)
[0425/032447.758:ERROR:process_reader_win.cc(151)] SuspendThread: Access is denied. (0x5)
[0425/032447.759:ERROR:process_reader_win.cc(123)] NtOpenThread: {Access Denied} A process has requested access to an object, but has not been granted those access rights. (0xc0000022)
[0425/032447.759:ERROR:exception_snapshot_win.cc(98)] thread ID 1448 not found in process
